生成启动时间为 2017/9/29 0:59:32。
     1>项目“C:\Users\Public\Bullup\auto_program\LolDemo\LolDemo.vcxproj”在节点 2 上(Build 个目标)。
     1>ClCompile:
         C:\Program Files (x86)\Microsoft Visual Studio 12.0\VC\bin\CL.exe /c /ICommon\include /ZI /nologo /W3 /WX- /Od /Oy- /D WIN32 /D _DEBUG /D _CONSOLE /D _LIB /D _MBCS /Gm /EHsc /RTC1 /MTd /GS /fp:precise /Zc:wchar_t /Zc:forScope /Fo"Debug\\" /Fd"Debug\vc120.pdb" /Gd /TP /analyze- /errorReport:prompt LolDemo.cpp
         LolDemo.cpp
     1>c:\users\public\bullup\auto_program\loldemo\loldemo.cpp(24): warning C4996: 'fopen': This function or variable may be unsafe. Consider using fopen_s instead. To disable deprecation, use _CRT_SECURE_NO_WARNINGS. See online help for details.
                 c:\program files (x86)\microsoft visual studio 12.0\vc\include\stdio.h(211) : 参见“fopen”的声明
       Link:
         C:\Program Files (x86)\Microsoft Visual Studio 12.0\VC\bin\link.exe /ERRORREPORT:PROMPT /OUT:"C:\Users\Public\Bullup\auto_program\LolDemo\Debug\LolDemo.exe" /INCREMENTAL /NOLOGO /LIBPATH:E:\CODE\DataZhou\LolDataHelper\LolDataHelper\Lib kernel32.lib user32.lib gdi32.lib winspool.lib comdlg32.lib advapi32.lib shell32.lib ole32.lib oleaut32.lib uuid.lib odbc32.lib odbccp32.lib /MANIFEST /MANIFESTUAC:"level='requireAdministrator' uiAccess='false'" /manifest:embed /DEBUG /PDB:"C:\Users\Public\Bullup\auto_program\LolDemo\Debug\LolDemo.pdb" /SUBSYSTEM:CONSOLE /TLBID:1 /DYNAMICBASE /NXCOMPAT /IMPLIB:"C:\Users\Public\Bullup\auto_program\LolDemo\Debug\LolDemo.lib" /MACHINE:X86 Debug\LolDemo.res
         Debug\aes_helper.obj
         Debug\base64.obj
         Debug\Common.obj
         Debug\LolDemo.obj
         Debug\stdafx.obj
         LINK : 没有找到 C:\Users\Public\Bullup\auto_program\LolDemo\Debug\LolDemo.exe 或上一个增量链接没有生成它；正在执行完全链接
     1>libcrypto.lib(aes_core.obj) : warning LNK4099: 未找到 PDB“ossl_static.pdb”(使用“libcrypto.lib(aes_core.obj)”或在“C:\Users\Public\Bullup\auto_program\LolDemo\Debug\ossl_static.pdb”中寻找)；正在链接对象，如同没有调试信息一样
         LolDemo.vcxproj -> C:\Users\Public\Bullup\auto_program\LolDemo\Debug\LolDemo.exe
     1>已完成生成项目“C:\Users\Public\Bullup\auto_program\LolDemo\LolDemo.vcxproj”(Build 个目标)的操作。

生成成功。

已用时间 00:00:02.53
